<?xml version="1.0" encoding="UTF-8"?>
<!-- Generated by org.testng.reporters.JUnitReportReporter -->
<testsuite hostname="Promit-PC" failures="0" tests="1" name="AtlMobileAppAuto.ForgetPassword" time="19.134" errors="0" timestamp="2022-05-05T16:28:46 IST" skipped="0">
  <testcase classname="AtlMobileAppAuto.ForgetPassword" name="ForgorPwd" time="19.134"/>
  <system-out/>
</testsuite> <!-- AtlMobileAppAuto.ForgetPassword -->
