<?xml version="1.0" encoding="UTF-8"?>
<!-- Generated by org.testng.reporters.JUnitReportReporter -->
<testsuite hostname="Promit-PC" failures="0" tests="4" name="LoginRegisterPagesAuto.Reistration2DataProvider" time="116.652" errors="1" timestamp="2022-05-05T16:21:47 IST" skipped="0">
  <testcase classname="LoginRegisterPagesAuto.Reistration2DataProvider" name="loginPage2" time="22.730">
    <error message="An element could not be located on the page using the given search parameters.
For documentation on this error, please visit: https://www.seleniumhq.org/exceptions/no_such_element.html
Build info: version: &#039;3.141.59&#039;, revision: &#039;e82be7d358&#039;, time: &#039;2018-11-14T08:17:03&#039;
System info: host: &#039;PROMIT-PC&#039;, ip: &#039;192.168.2.109&#039;, os.name: &#039;Windows 11&#039;, os.arch: &#039;amd64&#039;, os.version: &#039;10.0&#039;, java.version: &#039;17.0.2&#039;
Driver info: io.appium.java_client.android.AndroidDriver
Capabilities {appActivity: com.atlmt.ui.splash.Splash, appPackage: com.atlmt, automationName: uiautomator2, databaseEnabled: false, desired: {appActivity: com.atlmt.ui.splash.Splash, appPackage: com.atlmt, automationName: uiautomator2, deviceName: Redmi Note 9 Pro, platformName: android, udid: 4b546ff8}, deviceApiLevel: 30, deviceManufacturer: Xiaomi, deviceModel: Redmi Note 9 Pro, deviceName: 4b546ff8, deviceScreenDensity: 440, deviceScreenSize: 1080x2400, deviceUDID: 4b546ff8, javascriptEnabled: true, locationContextEnabled: false, networkConnectionEnabled: true, pixelRatio: 2.75, platform: LINUX, platformName: Android, platformVersion: 11, statBarHeight: 102, takesScreenshot: true, udid: 4b546ff8, viewportRect: {height: 2066, left: 0, top: 102, width: 1080}, warnings: {}, webStorageEnabled: false}
Session ID: 44c3017b-c8a2-44bf-9d3b-4989b12a1f3f
*** Element info: {Using=xpath, value=//android.widget.Button[@text=&#039;Already Registered? Login&#039;]}" type="org.openqa.selenium.NoSuchElementException">
        <![CDATA[org.openqa.selenium.NoSuchElementException: An element could not be located on the page using the given search parameters.
For documentation on this error, please visit: https://www.seleniumhq.org/exceptions/no_such_element.html
Build info: version: '3.141.59', revision: 'e82be7d358', time: '2018-11-14T08:17:03'
System info: host: 'PROMIT-PC', ip: '192.168.2.109', os.name: 'Windows 11', os.arch: 'amd64', os.version: '10.0', java.version: '17.0.2'
Driver info: io.appium.java_client.android.AndroidDriver
Capabilities {appActivity: com.atlmt.ui.splash.Splash, appPackage: com.atlmt, automationName: uiautomator2, databaseEnabled: false, desired: {appActivity: com.atlmt.ui.splash.Splash, appPackage: com.atlmt, automationName: uiautomator2, deviceName: Redmi Note 9 Pro, platformName: android, udid: 4b546ff8}, deviceApiLevel: 30, deviceManufacturer: Xiaomi, deviceModel: Redmi Note 9 Pro, deviceName: 4b546ff8, deviceScreenDensity: 440, deviceScreenSize: 1080x2400, deviceUDID: 4b546ff8, javascriptEnabled: true, locationContextEnabled: false, networkConnectionEnabled: true, pixelRatio: 2.75, platform: LINUX, platformName: Android, platformVersion: 11, statBarHeight: 102, takesScreenshot: true, udid: 4b546ff8, viewportRect: {height: 2066, left: 0, top: 102, width: 1080}, warnings: {}, webStorageEnabled: false}
Session ID: 44c3017b-c8a2-44bf-9d3b-4989b12a1f3f
*** Element info: {Using=xpath, value=//android.widget.Button[@text='Already Registered? Login']}
at java.base/jdk.internal.reflect.NativeConstructorAccessorImpl.newInstance0(Native Method)
at java.base/jdk.internal.reflect.NativeConstructorAccessorImpl.newInstance(NativeConstructorAccessorImpl.java:77)
at java.base/jdk.internal.reflect.DelegatingConstructorAccessorImpl.newInstance(DelegatingConstructorAccessorImpl.java:45)
at java.base/java.lang.reflect.Constructor.newInstanceWithCaller(Constructor.java:499)
at java.base/java.lang.reflect.Constructor.newInstance(Constructor.java:480)
at org.openqa.selenium.remote.http.W3CHttpResponseCodec.createException(W3CHttpResponseCodec.java:187)
at org.openqa.selenium.remote.http.W3CHttpResponseCodec.decode(W3CHttpResponseCodec.java:122)
at org.openqa.selenium.remote.http.W3CHttpResponseCodec.decode(W3CHttpResponseCodec.java:49)
at org.openqa.selenium.remote.HttpCommandExecutor.execute(HttpCommandExecutor.java:158)
at io.appium.java_client.remote.AppiumCommandExecutor.execute(AppiumCommandExecutor.java:250)
at org.openqa.selenium.remote.RemoteWebDriver.execute(RemoteWebDriver.java:552)
at io.appium.java_client.DefaultGenericMobileDriver.execute(DefaultGenericMobileDriver.java:41)
at io.appium.java_client.AppiumDriver.execute(AppiumDriver.java:1)
at io.appium.java_client.android.AndroidDriver.execute(AndroidDriver.java:1)
at org.openqa.selenium.remote.RemoteWebDriver.findElement(RemoteWebDriver.java:323)
at io.appium.java_client.DefaultGenericMobileDriver.findElement(DefaultGenericMobileDriver.java:61)
at io.appium.java_client.AppiumDriver.findElement(AppiumDriver.java:1)
at io.appium.java_client.android.AndroidDriver.findElement(AndroidDriver.java:1)
at org.openqa.selenium.remote.RemoteWebDriver.findElementByXPath(RemoteWebDriver.java:428)
at io.appium.java_client.DefaultGenericMobileDriver.findElementByXPath(DefaultGenericMobileDriver.java:151)
at io.appium.java_client.AppiumDriver.findElementByXPath(AppiumDriver.java:1)
at io.appium.java_client.android.AndroidDriver.findElementByXPath(AndroidDriver.java:1)
at LoginRegisterPagesAuto.Reistration2DataProvider.loginPage2(Reistration2DataProvider.java:76)
at java.base/jdk.internal.reflect.NativeMethodAccessorImpl.invoke0(Native Method)
at java.base/jdk.internal.reflect.NativeMethodAccessorImpl.invoke(NativeMethodAccessorImpl.java:77)
at java.base/jdk.internal.reflect.DelegatingMethodAccessorImpl.invoke(DelegatingMethodAccessorImpl.java:43)
at java.base/java.lang.reflect.Method.invoke(Method.java:568)
at org.testng.internal.MethodInvocationHelper.invokeMethod(MethodInvocationHelper.java:133)
at org.testng.internal.TestInvoker.invokeMethod(TestInvoker.java:598)
at org.testng.internal.TestInvoker.invokeTestMethod(TestInvoker.java:173)
at org.testng.internal.MethodRunner.runInSequence(MethodRunner.java:46)
at org.testng.internal.TestInvoker$MethodInvocationAgent.invoke(TestInvoker.java:824)
at org.testng.internal.TestInvoker.invokeTestMethods(TestInvoker.java:146)
at org.testng.internal.TestMethodWorker.invokeTestMethods(TestMethodWorker.java:146)
at org.testng.internal.TestMethodWorker.run(TestMethodWorker.java:128)
at java.base/java.util.ArrayList.forEach(ArrayList.java:1511)
at org.testng.TestRunner.privateRun(TestRunner.java:794)
at org.testng.TestRunner.run(TestRunner.java:596)
at org.testng.SuiteRunner.runTest(SuiteRunner.java:377)
at org.testng.SuiteRunner.runSequentially(SuiteRunner.java:371)
at org.testng.SuiteRunner.privateRun(SuiteRunner.java:332)
at org.testng.SuiteRunner.run(SuiteRunner.java:276)
at org.testng.SuiteRunnerWorker.runSuite(SuiteRunnerWorker.java:53)
at org.testng.SuiteRunnerWorker.run(SuiteRunnerWorker.java:96)
at org.testng.TestNG.runSuitesSequentially(TestNG.java:1212)
at org.testng.TestNG.runSuitesLocally(TestNG.java:1134)
at org.testng.TestNG.runSuites(TestNG.java:1063)
at org.testng.TestNG.run(TestNG.java:1031)
at org.testng.remote.AbstractRemoteTestNG.run(AbstractRemoteTestNG.java:115)
at org.testng.remote.RemoteTestNG.initAndRun(RemoteTestNG.java:251)
at org.testng.remote.RemoteTestNG.main(RemoteTestNG.java:77)
]]>
    </error>
  </testcase> <!-- loginPage2 -->
  <system-out/>
  <testcase classname="LoginRegisterPagesAuto.Reistration2DataProvider" name="AregistrationWithDataProvider" time="38.927"/>
  <system-out/>
  <testcase classname="LoginRegisterPagesAuto.Reistration2DataProvider" name="AregistrationWithDataProvider" time="36.176"/>
  <system-out/>
  <testcase classname="LoginRegisterPagesAuto.Reistration2DataProvider" name="loginPage2" time="18.819"/>
  <system-out/>
</testsuite> <!-- LoginRegisterPagesAuto.Reistration2DataProvider -->
